F:\OTHER\FILE\C++\SORTALGORITHM\DEBUG\SORTALGORITHM.EXE
F:\OTHER\FILE\C++\SORTALGORITHM\DEBUG\SORTALGORITHM.ILK
F:\OTHER\FILE\C++\SORTALGORITHM\DEBUG\SORTALGORITHM.PDB
F:\OTHER\FILE\C++\SORTALGORITHM\SORTALGORITHM\DEBUG\BININSERTSORT.OBJ
F:\OTHER\FILE\C++\SORTALGORITHM\SORTALGORITHM\DEBUG\BUBBLESORT.OBJ
F:\OTHER\FILE\C++\SORTALGORITHM\SORTALGORITHM\DEBUG\BUBBLESORT2.OBJ
F:\other\file\C++\SortAlgorithm\SortAlgorithm\Debug\cl.command.1.tlog
F:\other\file\C++\SortAlgorithm\SortAlgorithm\Debug\CL.read.1.tlog
F:\other\file\C++\SortAlgorithm\SortAlgorithm\Debug\CL.write.1.tlog
F:\OTHER\FILE\C++\SORTALGORITHM\SORTALGORITHM\DEBUG\COUNTINGSORT.OBJ
F:\OTHER\FILE\C++\SORTALGORITHM\SORTALGORITHM\DEBUG\HEAPSORT.OBJ
F:\OTHER\FILE\C++\SORTALGORITHM\SORTALGORITHM\DEBUG\INSERTSORT.OBJ
F:\other\file\C++\SortAlgorithm\SortAlgorithm\Debug\link.command.1.tlog
F:\other\file\C++\SortAlgorithm\SortAlgorithm\Debug\link.read.1.tlog
F:\other\file\C++\SortAlgorithm\SortAlgorithm\Debug\link.write.1.tlog
F:\OTHER\FILE\C++\SORTALGORITHM\SORTALGORITHM\DEBUG\MAIN.OBJ
F:\OTHER\FILE\C++\SORTALGORITHM\SORTALGORITHM\DEBUG\MERGESORT.OBJ
F:\other\file\C++\SortAlgorithm\SortAlgorithm\Debug\mt.command.1.tlog
F:\other\file\C++\SortAlgorithm\SortAlgorithm\Debug\mt.read.1.tlog
F:\other\file\C++\SortAlgorithm\SortAlgorithm\Debug\mt.write.1.tlog
F:\OTHER\FILE\C++\SORTALGORITHM\SORTALGORITHM\DEBUG\QUICKSORT.OBJ
F:\OTHER\FILE\C++\SORTALGORITHM\SORTALGORITHM\DEBUG\RADIXSORT.OBJ
F:\OTHER\FILE\C++\SORTALGORITHM\SORTALGORITHM\DEBUG\SELECTSORT.OBJ
F:\OTHER\FILE\C++\SORTALGORITHM\SORTALGORITHM\DEBUG\SHELLSORT.OBJ
F:\OTHER\FILE\C++\SORTALGORITHM\SORTALGORITHM\DEBUG\SORTALGORITHM.EXE.INTERMEDIATE.MANIFEST
F:\other\file\C++\SortAlgorithm\SortAlgorithm\Debug\SortAlgorithm.write.1.tlog
F:\other\file\C++\SortAlgorithm\SortAlgorithm\Debug\vc100.idb
F:\OTHER\FILE\C++\SORTALGORITHM\SORTALGORITHM\DEBUG\VC100.PDB
