Build started 2017/5/11 13:51:22.
     1>Project "F:\other\file\C++\SortAlgorithm\SortAlgorithm\SortAlgorithm.vcxproj" on node 2 (rebuild target(s)).
     1>_PrepareForClean:
         Deleting file "Debug\SortAlgorithm.lastbuildstate".
       InitializeBuildStatus:
         Creating "Debug\SortAlgorithm.unsuccessfulbuild" because "AlwaysCreate" was specified.
       ClCompile:
         f:\other\software\Microsoft Visual Studio 10.0\VC\bin\CL.exe /c /ZI /nologo /W3 /WX- /Od /Oy- /D _MBCS /Gm /EHsc /RTC1 /MDd /GS /fp:precise /Zc:wchar_t /Zc:forScope /Fo"Debug\\" /Fd"Debug\vc100.pdb" /Gd /TP /analyze- /errorReport:prompt BinInsertSort.cpp BubbleSort.cpp BubbleSort2.cpp CountingSort.cpp HeapSort.cpp InsertSort.cpp main.cpp MergeSort.cpp QuickSort.cpp RadixSort.cpp SelectSort.cpp ShellSort.cpp
         ShellSort.cpp
         SelectSort.cpp
         RadixSort.cpp
         QuickSort.cpp
         MergeSort.cpp
         main.cpp
         InsertSort.cpp
         HeapSort.cpp
         CountingSort.cpp
         BubbleSort2.cpp
         BubbleSort.cpp
         BinInsertSort.cpp
         Generating Code...
       Link:
         f:\other\software\Microsoft Visual Studio 10.0\VC\bin\link.exe /ERRORREPORT:PROMPT /OUT:"F:\other\file\C++\SortAlgorithm\Debug\SortAlgorithm.exe" /NOLOGO kernel32.lib user32.lib gdi32.lib winspool.lib comdlg32.lib advapi32.lib shell32.lib ole32.lib oleaut32.lib uuid.lib odbc32.lib odbccp32.lib /MANIFEST /ManifestFile:"Debug\SortAlgorithm.exe.intermediate.manifest" /MANIFESTUAC:"level='asInvoker' uiAccess='false'" /DEBUG /PDB:"F:\other\file\C++\SortAlgorithm\Debug\SortAlgorithm.pdb" /TLBID:1 /DYNAMICBASE /NXCOMPAT /IMPLIB:"F:\other\file\C++\SortAlgorithm\Debug\SortAlgorithm.lib" /MACHINE:X86 Debug\BinInsertSort.obj
         Debug\BubbleSort.obj
         Debug\BubbleSort2.obj
         Debug\CountingSort.obj
         Debug\HeapSort.obj
         Debug\InsertSort.obj
         Debug\main.obj
         Debug\MergeSort.obj
         Debug\QuickSort.obj
         Debug\RadixSort.obj
         Debug\SelectSort.obj
         Debug\ShellSort.obj
         SortAlgorithm.vcxproj -> F:\other\file\C++\SortAlgorithm\Debug\SortAlgorithm.exe
       Manifest:
         C:\Program Files (x86)\Microsoft SDKs\Windows\v7.0A\bin\mt.exe /nologo /verbose /outputresource:"F:\other\file\C++\SortAlgorithm\Debug\SortAlgorithm.exe;#1" /manifest Debug\SortAlgorithm.exe.intermediate.manifest
       FinalizeBuildStatus:
         Deleting file "Debug\SortAlgorithm.unsuccessfulbuild".
         Touching "Debug\SortAlgorithm.lastbuildstate".
     1>Done Building Project "F:\other\file\C++\SortAlgorithm\SortAlgorithm\SortAlgorithm.vcxproj" (rebuild target(s)).

Build succeeded.

Time Elapsed 00:00:01.21
